[0.008s] Invoking command in '/home/hatakeyama/ros/lidartest_ws/build/ydlidar_ros2_driver': /usr/bin/cmake --build /home/hatakeyama/ros/lidartest_ws/build/ydlidar_ros2_driver -- -j8 -l8
[0.059s] [ 50%] Built target ydlidar_ros2_driver_client
[0.059s] [100%] Built target ydlidar_ros2_driver_node
[0.065s] Invoked command in '/home/hatakeyama/ros/lidartest_ws/build/ydlidar_ros2_driver' returned '0': /usr/bin/cmake --build /home/hatakeyama/ros/lidartest_ws/build/ydlidar_ros2_driver -- -j8 -l8
[0.082s] Invoking command in '/home/hatakeyama/ros/lidartest_ws/build/ydlidar_ros2_driver': /usr/bin/cmake --install /home/hatakeyama/ros/lidartest_ws/build/ydlidar_ros2_driver
[0.085s] -- Install configuration: ""
[0.086s] -- Execute custom install script
[0.087s] -- Up-to-date symlink: /home/hatakeyama/ros/lidartest_ws/install/ydlidar_ros2_driver/lib/ydlidar_ros2_driver/ydlidar_ros2_driver_node
[0.087s] -- Up-to-date symlink: /home/hatakeyama/ros/lidartest_ws/install/ydlidar_ros2_driver/lib/ydlidar_ros2_driver/ydlidar_ros2_driver_client
[0.088s] -- Up-to-date symlink: /home/hatakeyama/ros/lidartest_ws/install/ydlidar_ros2_driver/share/ydlidar_ros2_driver/launch/ydlidar.py
[0.088s] -- Up-to-date symlink: /home/hatakeyama/ros/lidartest_ws/install/ydlidar_ros2_driver/share/ydlidar_ros2_driver/launch/ydlidar_launch.py
[0.088s] -- Up-to-date symlink: /home/hatakeyama/ros/lidartest_ws/install/ydlidar_ros2_driver/share/ydlidar_ros2_driver/launch/ydlidar_launch_view.py
[0.089s] -- Up-to-date symlink: /home/hatakeyama/ros/lidartest_ws/install/ydlidar_ros2_driver/share/ydlidar_ros2_driver/params/G1.yaml
[0.089s] -- Up-to-date symlink: /home/hatakeyama/ros/lidartest_ws/install/ydlidar_ros2_driver/share/ydlidar_ros2_driver/params/G2.yaml
[0.090s] -- Up-to-date symlink: /home/hatakeyama/ros/lidartest_ws/install/ydlidar_ros2_driver/share/ydlidar_ros2_driver/params/G6.yaml
[0.090s] -- Up-to-date symlink: /home/hatakeyama/ros/lidartest_ws/install/ydlidar_ros2_driver/share/ydlidar_ros2_driver/params/TG.yaml
[0.090s] -- Up-to-date symlink: /home/hatakeyama/ros/lidartest_ws/install/ydlidar_ros2_driver/share/ydlidar_ros2_driver/params/TminiPro.yaml
[0.090s] -- Up-to-date symlink: /home/hatakeyama/ros/lidartest_ws/install/ydlidar_ros2_driver/share/ydlidar_ros2_driver/params/X2.yaml
[0.090s] -- Up-to-date symlink: /home/hatakeyama/ros/lidartest_ws/install/ydlidar_ros2_driver/share/ydlidar_ros2_driver/params/X4-Pro.yaml
[0.090s] -- Up-to-date symlink: /home/hatakeyama/ros/lidartest_ws/install/ydlidar_ros2_driver/share/ydlidar_ros2_driver/params/X4.yaml
[0.091s] -- Up-to-date symlink: /home/hatakeyama/ros/lidartest_ws/install/ydlidar_ros2_driver/share/ydlidar_ros2_driver/params/ydlidar.yaml
[0.091s] -- Up-to-date symlink: /home/hatakeyama/ros/lidartest_ws/install/ydlidar_ros2_driver/share/ydlidar_ros2_driver/startup/initenv.sh
[0.092s] -- Up-to-date symlink: /home/hatakeyama/ros/lidartest_ws/install/ydlidar_ros2_driver/share/ydlidar_ros2_driver/config/ydlidar.rviz
[0.092s] -- Up-to-date symlink: /home/hatakeyama/ros/lidartest_ws/install/ydlidar_ros2_driver/share/ament_index/resource_index/package_run_dependencies/ydlidar_ros2_driver
[0.093s] -- Up-to-date symlink: /home/hatakeyama/ros/lidartest_ws/install/ydlidar_ros2_driver/share/ament_index/resource_index/parent_prefix_path/ydlidar_ros2_driver
[0.093s] -- Up-to-date symlink: /home/hatakeyama/ros/lidartest_ws/install/ydlidar_ros2_driver/share/ydlidar_ros2_driver/environment/ament_prefix_path.sh
[0.093s] -- Up-to-date symlink: /home/hatakeyama/ros/lidartest_ws/install/ydlidar_ros2_driver/share/ydlidar_ros2_driver/environment/ament_prefix_path.dsv
[0.093s] -- Up-to-date symlink: /home/hatakeyama/ros/lidartest_ws/install/ydlidar_ros2_driver/share/ydlidar_ros2_driver/environment/path.sh
[0.094s] -- Up-to-date symlink: /home/hatakeyama/ros/lidartest_ws/install/ydlidar_ros2_driver/share/ydlidar_ros2_driver/environment/path.dsv
[0.094s] -- Up-to-date symlink: /home/hatakeyama/ros/lidartest_ws/install/ydlidar_ros2_driver/share/ydlidar_ros2_driver/local_setup.bash
[0.094s] -- Up-to-date symlink: /home/hatakeyama/ros/lidartest_ws/install/ydlidar_ros2_driver/share/ydlidar_ros2_driver/local_setup.sh
[0.094s] -- Up-to-date symlink: /home/hatakeyama/ros/lidartest_ws/install/ydlidar_ros2_driver/share/ydlidar_ros2_driver/local_setup.zsh
[0.095s] -- Up-to-date symlink: /home/hatakeyama/ros/lidartest_ws/install/ydlidar_ros2_driver/share/ydlidar_ros2_driver/local_setup.dsv
[0.095s] -- Symlinking: /home/hatakeyama/ros/lidartest_ws/install/ydlidar_ros2_driver/share/ydlidar_ros2_driver/package.dsv
[0.100s] -- Up-to-date symlink: /home/hatakeyama/ros/lidartest_ws/install/ydlidar_ros2_driver/share/ament_index/resource_index/packages/ydlidar_ros2_driver
[0.100s] -- Up-to-date symlink: /home/hatakeyama/ros/lidartest_ws/install/ydlidar_ros2_driver/share/ydlidar_ros2_driver/cmake/ydlidar_ros2_driverConfig.cmake
[0.101s] -- Up-to-date symlink: /home/hatakeyama/ros/lidartest_ws/install/ydlidar_ros2_driver/share/ydlidar_ros2_driver/cmake/ydlidar_ros2_driverConfig-version.cmake
[0.101s] -- Up-to-date symlink: /home/hatakeyama/ros/lidartest_ws/install/ydlidar_ros2_driver/share/ydlidar_ros2_driver/package.xml
[0.102s] Invoked command in '/home/hatakeyama/ros/lidartest_ws/build/ydlidar_ros2_driver' returned '0': /usr/bin/cmake --install /home/hatakeyama/ros/lidartest_ws/build/ydlidar_ros2_driver
