[0.009s] Invoking command in '/home/hatakeyama/ros/lidartest_ws/build/ydlidar_ros2_driver': CMAKE_PREFIX_PATH=${CMAKE_PREFIX_PATH}:/opt/ros/humble /usr/bin/cmake /home/hatakeyama/ros/lidartest_ws/src/ydlidar_ros2_driver -DAMENT_CMAKE_SYMLINK_INSTALL=1 -DCMAKE_INSTALL_PREFIX=/home/hatakeyama/ros/lidartest_ws/install/ydlidar_ros2_driver
[0.016s] -- Found ament_cmake: 1.3.5 (/opt/ros/humble/share/ament_cmake/cmake)
[0.104s] -- Override CMake install command with custom implementation using symlinks instead of copying resources
[0.108s] -- Found rclcpp: 16.0.4 (/opt/ros/humble/share/rclcpp/cmake)
[0.129s] -- Found rosidl_generator_c: 3.1.4 (/opt/ros/humble/share/rosidl_generator_c/cmake)
[0.130s] -- Found rosidl_adapter: 3.1.4 (/opt/ros/humble/share/rosidl_adapter/cmake)
[0.135s] -- Found rosidl_generator_cpp: 3.1.4 (/opt/ros/humble/share/rosidl_generator_cpp/cmake)
[0.142s] -- Using all available rosidl_typesupport_c: rosidl_typesupport_fastrtps_c;rosidl_typesupport_introspection_c
[0.154s] -- Using all available rosidl_typesupport_cpp: rosidl_typesupport_fastrtps_cpp;rosidl_typesupport_introspection_cpp
[0.196s] -- Found rmw_implementation_cmake: 6.1.1 (/opt/ros/humble/share/rmw_implementation_cmake/cmake)
[0.197s] -- Found rmw_fastrtps_cpp: 6.2.2 (/opt/ros/humble/share/rmw_fastrtps_cpp/cmake)
[0.273s] -- Using RMW implementation 'rmw_fastrtps_cpp' as default
[0.392s] -- Found sensor_msgs: 4.2.3 (/opt/ros/humble/share/sensor_msgs/cmake)
[0.488s] -- Found visualization_msgs: 4.2.3 (/opt/ros/humble/share/visualization_msgs/cmake)
[0.582s] -- Found std_srvs: 4.2.3 (/opt/ros/humble/share/std_srvs/cmake)
[0.597s] -- Found ament_lint_auto: 0.12.6 (/opt/ros/humble/share/ament_lint_auto/cmake)
[0.644s] -- Added test 'copyright' to check source files copyright and LICENSE
[0.654s] -- Added test 'cppcheck' to perform static code analysis on C / C++ code
[0.654s] -- Configured cppcheck include dirs: /home/hatakeyama/ros/lidartest_ws/src/ydlidar_ros2_driver/src
[0.655s] -- Configured cppcheck exclude dirs and/or files: 
[0.664s] -- Added test 'cpplint' to check C / C++ code against the Google style
[0.664s] -- Configured cpplint exclude dirs and/or files: 
[0.666s] -- Added test 'flake8' to check Python code syntax and style conventions
[0.668s] -- Added test 'lint_cmake' to check CMake code style
[0.670s] -- Added test 'pep257' to check Python code against some of the docstring style conventions in PEP 257
[0.680s] -- Added test 'uncrustify' to check C / C++ code style
[0.680s] -- Configured uncrustify additional arguments: 
[0.681s] -- Added test 'xmllint' to check XML markup files
[0.682s] -- Configuring done
[0.692s] -- Generating done
[0.693s] -- Build files have been written to: /home/hatakeyama/ros/lidartest_ws/build/ydlidar_ros2_driver
[0.699s] Invoked command in '/home/hatakeyama/ros/lidartest_ws/build/ydlidar_ros2_driver' returned '0': CMAKE_PREFIX_PATH=${CMAKE_PREFIX_PATH}:/opt/ros/humble /usr/bin/cmake /home/hatakeyama/ros/lidartest_ws/src/ydlidar_ros2_driver -DAMENT_CMAKE_SYMLINK_INSTALL=1 -DCMAKE_INSTALL_PREFIX=/home/hatakeyama/ros/lidartest_ws/install/ydlidar_ros2_driver
[0.699s] Invoking command in '/home/hatakeyama/ros/lidartest_ws/build/ydlidar_ros2_driver': CMAKE_PREFIX_PATH=${CMAKE_PREFIX_PATH}:/opt/ros/humble /usr/bin/cmake --build /home/hatakeyama/ros/lidartest_ws/build/ydlidar_ros2_driver -- -j8 -l8
[0.720s] [35m[1mConsolidate compiler generated dependencies of target ydlidar_ros2_driver_client[0m
[0.720s] [35m[1mConsolidate compiler generated dependencies of target ydlidar_ros2_driver_node[0m
[0.731s] [ 75%] Built target ydlidar_ros2_driver_client
[0.731s] [100%] Built target ydlidar_ros2_driver_node
[0.737s] Invoked command in '/home/hatakeyama/ros/lidartest_ws/build/ydlidar_ros2_driver' returned '0': CMAKE_PREFIX_PATH=${CMAKE_PREFIX_PATH}:/opt/ros/humble /usr/bin/cmake --build /home/hatakeyama/ros/lidartest_ws/build/ydlidar_ros2_driver -- -j8 -l8
[0.755s] Invoking command in '/home/hatakeyama/ros/lidartest_ws/build/ydlidar_ros2_driver': CMAKE_PREFIX_PATH=${CMAKE_PREFIX_PATH}:/opt/ros/humble /usr/bin/cmake --install /home/hatakeyama/ros/lidartest_ws/build/ydlidar_ros2_driver
[0.759s] -- Install configuration: ""
[0.759s] -- Execute custom install script
[0.759s] -- Up-to-date symlink: /home/hatakeyama/ros/lidartest_ws/install/ydlidar_ros2_driver/lib/ydlidar_ros2_driver/ydlidar_ros2_driver_node
[0.759s] -- Up-to-date symlink: /home/hatakeyama/ros/lidartest_ws/install/ydlidar_ros2_driver/lib/ydlidar_ros2_driver/ydlidar_ros2_driver_client
[0.759s] -- Up-to-date symlink: /home/hatakeyama/ros/lidartest_ws/install/ydlidar_ros2_driver/share/ydlidar_ros2_driver/launch/ydlidar.py
[0.760s] -- Up-to-date symlink: /home/hatakeyama/ros/lidartest_ws/install/ydlidar_ros2_driver/share/ydlidar_ros2_driver/launch/ydlidar_launch.py
[0.760s] -- Up-to-date symlink: /home/hatakeyama/ros/lidartest_ws/install/ydlidar_ros2_driver/share/ydlidar_ros2_driver/launch/ydlidar_launch_view.py
[0.760s] -- Up-to-date symlink: /home/hatakeyama/ros/lidartest_ws/install/ydlidar_ros2_driver/share/ydlidar_ros2_driver/params/G1.yaml
[0.760s] -- Up-to-date symlink: /home/hatakeyama/ros/lidartest_ws/install/ydlidar_ros2_driver/share/ydlidar_ros2_driver/params/G2.yaml
[0.760s] -- Up-to-date symlink: /home/hatakeyama/ros/lidartest_ws/install/ydlidar_ros2_driver/share/ydlidar_ros2_driver/params/G6.yaml
[0.760s] -- Up-to-date symlink: /home/hatakeyama/ros/lidartest_ws/install/ydlidar_ros2_driver/share/ydlidar_ros2_driver/params/TG.yaml
[0.760s] -- Up-to-date symlink: /home/hatakeyama/ros/lidartest_ws/install/ydlidar_ros2_driver/share/ydlidar_ros2_driver/params/TminiPro.yaml
[0.760s] -- Up-to-date symlink: /home/hatakeyama/ros/lidartest_ws/install/ydlidar_ros2_driver/share/ydlidar_ros2_driver/params/X2.yaml
[0.760s] -- Up-to-date symlink: /home/hatakeyama/ros/lidartest_ws/install/ydlidar_ros2_driver/share/ydlidar_ros2_driver/params/X4-Pro.yaml
[0.760s] -- Up-to-date symlink: /home/hatakeyama/ros/lidartest_ws/install/ydlidar_ros2_driver/share/ydlidar_ros2_driver/params/X4.yaml
[0.760s] -- Up-to-date symlink: /home/hatakeyama/ros/lidartest_ws/install/ydlidar_ros2_driver/share/ydlidar_ros2_driver/params/ydlidar.yaml
[0.760s] -- Up-to-date symlink: /home/hatakeyama/ros/lidartest_ws/install/ydlidar_ros2_driver/share/ydlidar_ros2_driver/startup/initenv.sh
[0.760s] -- Up-to-date symlink: /home/hatakeyama/ros/lidartest_ws/install/ydlidar_ros2_driver/share/ydlidar_ros2_driver/config/ydlidar.rviz
[0.761s] -- Up-to-date symlink: /home/hatakeyama/ros/lidartest_ws/install/ydlidar_ros2_driver/share/ament_index/resource_index/package_run_dependencies/ydlidar_ros2_driver
[0.761s] -- Up-to-date symlink: /home/hatakeyama/ros/lidartest_ws/install/ydlidar_ros2_driver/share/ament_index/resource_index/parent_prefix_path/ydlidar_ros2_driver
[0.761s] -- Up-to-date symlink: /home/hatakeyama/ros/lidartest_ws/install/ydlidar_ros2_driver/share/ydlidar_ros2_driver/environment/ament_prefix_path.sh
[0.761s] -- Up-to-date symlink: /home/hatakeyama/ros/lidartest_ws/install/ydlidar_ros2_driver/share/ydlidar_ros2_driver/environment/ament_prefix_path.dsv
[0.761s] -- Up-to-date symlink: /home/hatakeyama/ros/lidartest_ws/install/ydlidar_ros2_driver/share/ydlidar_ros2_driver/environment/path.sh
[0.761s] -- Up-to-date symlink: /home/hatakeyama/ros/lidartest_ws/install/ydlidar_ros2_driver/share/ydlidar_ros2_driver/environment/path.dsv
[0.761s] -- Up-to-date symlink: /home/hatakeyama/ros/lidartest_ws/install/ydlidar_ros2_driver/share/ydlidar_ros2_driver/local_setup.bash
[0.761s] -- Up-to-date symlink: /home/hatakeyama/ros/lidartest_ws/install/ydlidar_ros2_driver/share/ydlidar_ros2_driver/local_setup.sh
[0.761s] -- Up-to-date symlink: /home/hatakeyama/ros/lidartest_ws/install/ydlidar_ros2_driver/share/ydlidar_ros2_driver/local_setup.zsh
[0.761s] -- Up-to-date symlink: /home/hatakeyama/ros/lidartest_ws/install/ydlidar_ros2_driver/share/ydlidar_ros2_driver/local_setup.dsv
[0.762s] -- Symlinking: /home/hatakeyama/ros/lidartest_ws/install/ydlidar_ros2_driver/share/ydlidar_ros2_driver/package.dsv
[0.766s] -- Up-to-date symlink: /home/hatakeyama/ros/lidartest_ws/install/ydlidar_ros2_driver/share/ament_index/resource_index/packages/ydlidar_ros2_driver
[0.766s] -- Up-to-date symlink: /home/hatakeyama/ros/lidartest_ws/install/ydlidar_ros2_driver/share/ydlidar_ros2_driver/cmake/ydlidar_ros2_driverConfig.cmake
[0.766s] -- Up-to-date symlink: /home/hatakeyama/ros/lidartest_ws/install/ydlidar_ros2_driver/share/ydlidar_ros2_driver/cmake/ydlidar_ros2_driverConfig-version.cmake
[0.766s] -- Up-to-date symlink: /home/hatakeyama/ros/lidartest_ws/install/ydlidar_ros2_driver/share/ydlidar_ros2_driver/package.xml
[0.768s] Invoked command in '/home/hatakeyama/ros/lidartest_ws/build/ydlidar_ros2_driver' returned '0': CMAKE_PREFIX_PATH=${CMAKE_PREFIX_PATH}:/opt/ros/humble /usr/bin/cmake --install /home/hatakeyama/ros/lidartest_ws/build/ydlidar_ros2_driver
