[0.066s] Invoking command in '/home/hatakeyama/ros/ydlidartest_ws/build/ydlidar_ros2_driver': CMAKE_PREFIX_PATH=${CMAKE_PREFIX_PATH}:/opt/ros/humble /usr/bin/cmake --build /home/hatakeyama/ros/ydlidartest_ws/build/ydlidar_ros2_driver -- -j8 -l8
[0.089s] [0mCMake Error: The current CMakeCache.txt directory /home/hatakeyama/ros/ydlidartest_ws/build/ydlidar_ros2_driver/CMakeCache.txt is different than the directory /home/hatakeyama/ros/lidartest_ws/build/ydlidar_ros2_driver where CMakeCache.txt was created. This may result in binaries being created in the wrong place. If you are not sure, reedit the CMakeCache.txt[0m
[0.170s] -- Found ament_cmake: 1.3.5 (/opt/ros/humble/share/ament_cmake/cmake)
[0.246s] -- Found Python3: /usr/bin/python3.10 (found version "3.10.12") found components: Interpreter 
[0.298s] -- Override CMake install command with custom implementation using symlinks instead of copying resources
[0.316s] -- Found rclcpp: 16.0.6 (/opt/ros/humble/share/rclcpp/cmake)
[0.357s] -- Found rosidl_generator_c: 3.1.5 (/opt/ros/humble/share/rosidl_generator_c/cmake)
[0.361s] -- Found rosidl_adapter: 3.1.5 (/opt/ros/humble/share/rosidl_adapter/cmake)
[0.369s] -- Found rosidl_generator_cpp: 3.1.5 (/opt/ros/humble/share/rosidl_generator_cpp/cmake)
[0.382s] -- Using all available rosidl_typesupport_c: rosidl_typesupport_fastrtps_c;rosidl_typesupport_introspection_c
[0.399s] -- Using all available rosidl_typesupport_cpp: rosidl_typesupport_fastrtps_cpp;rosidl_typesupport_introspection_cpp
[0.459s] -- Found rmw_implementation_cmake: 6.1.1 (/opt/ros/humble/share/rmw_implementation_cmake/cmake)
[0.462s] -- Found rmw_fastrtps_cpp: 6.2.4 (/opt/ros/humble/share/rmw_fastrtps_cpp/cmake)
[0.557s] -- Using RMW implementation 'rmw_fastrtps_cpp' as default
[0.701s] -- Found sensor_msgs: 4.2.3 (/opt/ros/humble/share/sensor_msgs/cmake)
[0.810s] -- Found visualization_msgs: 4.2.3 (/opt/ros/humble/share/visualization_msgs/cmake)
[0.912s] -- Found std_srvs: 4.2.3 (/opt/ros/humble/share/std_srvs/cmake)
[0.934s] -- Found ament_lint_auto: 0.12.8 (/opt/ros/humble/share/ament_lint_auto/cmake)
[0.994s] -- Added test 'copyright' to check source files copyright and LICENSE
[1.004s] -- Added test 'cppcheck' to perform static code analysis on C / C++ code
[1.004s] -- Configured cppcheck include dirs: /home/hatakeyama/ros/lidartest_ws/src/ydlidar_ros2_driver/src
[1.004s] -- Configured cppcheck exclude dirs and/or files: 
[1.015s] -- Added test 'cpplint' to check C / C++ code against the Google style
[1.015s] -- Configured cpplint exclude dirs and/or files: 
[1.016s] -- Added test 'flake8' to check Python code syntax and style conventions
[1.019s] -- Added test 'lint_cmake' to check CMake code style
[1.021s] -- Added test 'pep257' to check Python code against some of the docstring style conventions in PEP 257
[1.031s] -- Added test 'uncrustify' to check C / C++ code style
[1.031s] -- Configured uncrustify additional arguments: 
[1.033s] -- Added test 'xmllint' to check XML markup files
[1.034s] -- Configuring done
[1.059s] -- Generating done
[1.061s] -- Build files have been written to: /home/hatakeyama/ros/lidartest_ws/build/ydlidar_ros2_driver
[1.084s] [35m[1mConsolidate compiler generated dependencies of target ydlidar_ros2_driver_client[0m
[1.085s] [35m[1mConsolidate compiler generated dependencies of target ydlidar_ros2_driver_node[0m
[1.120s] [ 50%] Built target ydlidar_ros2_driver_client
[1.121s] [100%] Built target ydlidar_ros2_driver_node
[1.127s] Invoked command in '/home/hatakeyama/ros/ydlidartest_ws/build/ydlidar_ros2_driver' returned '0': CMAKE_PREFIX_PATH=${CMAKE_PREFIX_PATH}:/opt/ros/humble /usr/bin/cmake --build /home/hatakeyama/ros/ydlidartest_ws/build/ydlidar_ros2_driver -- -j8 -l8
[1.152s] Invoking command in '/home/hatakeyama/ros/ydlidartest_ws/build/ydlidar_ros2_driver': CMAKE_PREFIX_PATH=${CMAKE_PREFIX_PATH}:/opt/ros/humble /usr/bin/cmake --install /home/hatakeyama/ros/ydlidartest_ws/build/ydlidar_ros2_driver
[1.157s] -- Install configuration: ""
[1.157s] -- Execute custom install script
[1.157s] -- Up-to-date symlink: /home/hatakeyama/ros/lidartest_ws/install/ydlidar_ros2_driver/lib/ydlidar_ros2_driver/ydlidar_ros2_driver_node
[1.157s] -- Up-to-date symlink: /home/hatakeyama/ros/lidartest_ws/install/ydlidar_ros2_driver/lib/ydlidar_ros2_driver/ydlidar_ros2_driver_client
[1.158s] -- Up-to-date symlink: /home/hatakeyama/ros/lidartest_ws/install/ydlidar_ros2_driver/share/ydlidar_ros2_driver/launch/ydlidar.py
[1.158s] -- Up-to-date symlink: /home/hatakeyama/ros/lidartest_ws/install/ydlidar_ros2_driver/share/ydlidar_ros2_driver/launch/ydlidar_launch.py
[1.158s] -- Up-to-date symlink: /home/hatakeyama/ros/lidartest_ws/install/ydlidar_ros2_driver/share/ydlidar_ros2_driver/launch/ydlidar_launch_view.py
[1.158s] -- Up-to-date symlink: /home/hatakeyama/ros/lidartest_ws/install/ydlidar_ros2_driver/share/ydlidar_ros2_driver/params/G1.yaml
[1.158s] -- Up-to-date symlink: /home/hatakeyama/ros/lidartest_ws/install/ydlidar_ros2_driver/share/ydlidar_ros2_driver/params/G2.yaml
[1.158s] -- Up-to-date symlink: /home/hatakeyama/ros/lidartest_ws/install/ydlidar_ros2_driver/share/ydlidar_ros2_driver/params/G6.yaml
[1.158s] -- Up-to-date symlink: /home/hatakeyama/ros/lidartest_ws/install/ydlidar_ros2_driver/share/ydlidar_ros2_driver/params/TG.yaml
[1.158s] -- Up-to-date symlink: /home/hatakeyama/ros/lidartest_ws/install/ydlidar_ros2_driver/share/ydlidar_ros2_driver/params/TminiPro.yaml
[1.158s] -- Up-to-date symlink: /home/hatakeyama/ros/lidartest_ws/install/ydlidar_ros2_driver/share/ydlidar_ros2_driver/params/X2.yaml
[1.159s] -- Up-to-date symlink: /home/hatakeyama/ros/lidartest_ws/install/ydlidar_ros2_driver/share/ydlidar_ros2_driver/params/X4-Pro.yaml
[1.159s] -- Up-to-date symlink: /home/hatakeyama/ros/lidartest_ws/install/ydlidar_ros2_driver/share/ydlidar_ros2_driver/params/X4.yaml
[1.159s] -- Up-to-date symlink: /home/hatakeyama/ros/lidartest_ws/install/ydlidar_ros2_driver/share/ydlidar_ros2_driver/params/ydlidar.yaml
[1.159s] -- Up-to-date symlink: /home/hatakeyama/ros/lidartest_ws/install/ydlidar_ros2_driver/share/ydlidar_ros2_driver/startup/initenv.sh
[1.159s] -- Up-to-date symlink: /home/hatakeyama/ros/lidartest_ws/install/ydlidar_ros2_driver/share/ydlidar_ros2_driver/config/ydlidar.rviz
[1.159s] -- Up-to-date symlink: /home/hatakeyama/ros/lidartest_ws/install/ydlidar_ros2_driver/share/ament_index/resource_index/package_run_dependencies/ydlidar_ros2_driver
[1.159s] -- Up-to-date symlink: /home/hatakeyama/ros/lidartest_ws/install/ydlidar_ros2_driver/share/ament_index/resource_index/parent_prefix_path/ydlidar_ros2_driver
[1.159s] -- Up-to-date symlink: /home/hatakeyama/ros/lidartest_ws/install/ydlidar_ros2_driver/share/ydlidar_ros2_driver/environment/ament_prefix_path.sh
[1.160s] -- Up-to-date symlink: /home/hatakeyama/ros/lidartest_ws/install/ydlidar_ros2_driver/share/ydlidar_ros2_driver/environment/ament_prefix_path.dsv
[1.160s] -- Up-to-date symlink: /home/hatakeyama/ros/lidartest_ws/install/ydlidar_ros2_driver/share/ydlidar_ros2_driver/environment/path.sh
[1.160s] -- Up-to-date symlink: /home/hatakeyama/ros/lidartest_ws/install/ydlidar_ros2_driver/share/ydlidar_ros2_driver/environment/path.dsv
[1.160s] -- Up-to-date symlink: /home/hatakeyama/ros/lidartest_ws/install/ydlidar_ros2_driver/share/ydlidar_ros2_driver/local_setup.bash
[1.160s] -- Up-to-date symlink: /home/hatakeyama/ros/lidartest_ws/install/ydlidar_ros2_driver/share/ydlidar_ros2_driver/local_setup.sh
[1.160s] -- Up-to-date symlink: /home/hatakeyama/ros/lidartest_ws/install/ydlidar_ros2_driver/share/ydlidar_ros2_driver/local_setup.zsh
[1.160s] -- Up-to-date symlink: /home/hatakeyama/ros/lidartest_ws/install/ydlidar_ros2_driver/share/ydlidar_ros2_driver/local_setup.dsv
[1.160s] -- Symlinking: /home/hatakeyama/ros/lidartest_ws/install/ydlidar_ros2_driver/share/ydlidar_ros2_driver/package.dsv
[1.166s] -- Up-to-date symlink: /home/hatakeyama/ros/lidartest_ws/install/ydlidar_ros2_driver/share/ament_index/resource_index/packages/ydlidar_ros2_driver
[1.167s] -- Up-to-date symlink: /home/hatakeyama/ros/lidartest_ws/install/ydlidar_ros2_driver/share/ydlidar_ros2_driver/cmake/ydlidar_ros2_driverConfig.cmake
[1.167s] -- Up-to-date symlink: /home/hatakeyama/ros/lidartest_ws/install/ydlidar_ros2_driver/share/ydlidar_ros2_driver/cmake/ydlidar_ros2_driverConfig-version.cmake
[1.167s] -- Up-to-date symlink: /home/hatakeyama/ros/lidartest_ws/install/ydlidar_ros2_driver/share/ydlidar_ros2_driver/package.xml
[1.168s] Invoked command in '/home/hatakeyama/ros/ydlidartest_ws/build/ydlidar_ros2_driver' returned '0': CMAKE_PREFIX_PATH=${CMAKE_PREFIX_PATH}:/opt/ros/humble /usr/bin/cmake --install /home/hatakeyama/ros/ydlidartest_ws/build/ydlidar_ros2_driver
