[0.221s] DEBUG:colcon:Command line arguments: ['/usr/bin/colcon', 'build']
[0.221s] DEBUG:colcon:Parsed command line arguments: Namespace(log_base=None, log_level=None, verb_name='build', build_base='build', install_base='install', merge_install=False, symlink_install=False, test_result_base=None, continue_on_error=False, executor='parallel', parallel_workers=8, event_handlers=None, ignore_user_meta=False, metas=['./colcon.meta'], base_paths=['.'], packages_ignore=None, packages_ignore_regex=None, paths=None, packages_up_to=None, packages_up_to_regex=None, packages_above=None, packages_above_and_dependencies=None, packages_above_depth=None, packages_select_by_dep=None, packages_skip_by_dep=None, packages_skip_up_to=None, packages_select_build_failed=False, packages_skip_build_finished=False, packages_select_test_failures=False, packages_skip_test_passed=False, packages_select=None, packages_skip=None, packages_select_regex=None, packages_skip_regex=None, packages_start=None, packages_end=None, allow_overriding=[], cmake_args=None, cmake_target=None, cmake_target_skip_unavailable=False, cmake_clean_cache=False, cmake_clean_first=False, cmake_force_configure=False, ament_cmake_args=None, catkin_cmake_args=None, catkin_skip_building_tests=False, verb_parser=<colcon_defaults.argument_parser.defaults.DefaultArgumentsDecorator object at 0x7fb71c59bac0>, verb_extension=<colcon_core.verb.build.BuildVerb object at 0x7fb71cdf43a0>, main=<bound method BuildVerb.main of <colcon_core.verb.build.BuildVerb object at 0x7fb71cdf43a0>>)
[0.243s] Level 1:colcon.colcon_core.package_discovery:discover_packages(colcon_meta) check parameters
[0.243s] Level 1:colcon.colcon_core.package_discovery:discover_packages(recursive) check parameters
[0.243s] Level 1:colcon.colcon_core.package_discovery:discover_packages(ignore) check parameters
[0.243s] Level 1:colcon.colcon_core.package_discovery:discover_packages(path) check parameters
[0.243s] Level 1:colcon.colcon_core.package_discovery:discover_packages(colcon_meta) discover
[0.243s] Level 1:colcon.colcon_core.package_discovery:discover_packages(recursive) discover
[0.243s] INFO:colcon.colcon_core.package_discovery:Crawling recursively for packages in '/home/hatakeyama/ros/lidartest_ws/src'
[0.243s] Level 1:colcon.colcon_core.package_identification:_identify(.) by extensions ['ignore', 'ignore_ament_install']
[0.243s] Level 1:colcon.colcon_core.package_identification:_identify(.) by extension 'ignore'
[0.243s] Level 1:colcon.colcon_core.package_identification:_identify(.) by extension 'ignore_ament_install'
[0.244s] Level 1:colcon.colcon_core.package_identification:_identify(.) by extensions ['colcon_pkg']
[0.244s] Level 1:colcon.colcon_core.package_identification:_identify(.) by extension 'colcon_pkg'
[0.244s] Level 1:colcon.colcon_core.package_identification:_identify(.) by extensions ['colcon_meta']
[0.244s] Level 1:colcon.colcon_core.package_identification:_identify(.) by extension 'colcon_meta'
[0.244s] Level 1:colcon.colcon_core.package_identification:_identify(.) by extensions ['ros']
[0.244s] Level 1:colcon.colcon_core.package_identification:_identify(.) by extension 'ros'
[0.252s] Level 1:colcon.colcon_core.package_identification:_identify(.) by extensions ['cmake', 'python']
[0.252s] Level 1:colcon.colcon_core.package_identification:_identify(.) by extension 'cmake'
[0.252s] Level 1:colcon.colcon_core.package_identification:_identify(.) by extension 'python'
[0.252s] Level 1:colcon.colcon_core.package_identification:_identify(.) by extensions ['python_setup_py']
[0.252s] Level 1:colcon.colcon_core.package_identification:_identify(.) by extension 'python_setup_py'
[0.252s] Level 1:colcon.colcon_core.package_identification:_identify(build) by extensions ['ignore', 'ignore_ament_install']
[0.252s] Level 1:colcon.colcon_core.package_identification:_identify(build) by extension 'ignore'
[0.252s] Level 1:colcon.colcon_core.package_identification:_identify(build) ignored
[0.252s] Level 1:colcon.colcon_core.package_identification:_identify(install) by extensions ['ignore', 'ignore_ament_install']
[0.252s] Level 1:colcon.colcon_core.package_identification:_identify(install) by extension 'ignore'
[0.252s] Level 1:colcon.colcon_core.package_identification:_identify(install) ignored
[0.252s] Level 1:colcon.colcon_core.package_identification:_identify(log) by extensions ['ignore', 'ignore_ament_install']
[0.252s] Level 1:colcon.colcon_core.package_identification:_identify(log) by extension 'ignore'
[0.252s] Level 1:colcon.colcon_core.package_identification:_identify(log) ignored
[0.252s] Level 1:colcon.colcon_core.package_identification:_identify(ydlidar_ros2_driver) by extensions ['ignore', 'ignore_ament_install']
[0.252s] Level 1:colcon.colcon_core.package_identification:_identify(ydlidar_ros2_driver) by extension 'ignore'
[0.252s] Level 1:colcon.colcon_core.package_identification:_identify(ydlidar_ros2_driver) by extension 'ignore_ament_install'
[0.252s] Level 1:colcon.colcon_core.package_identification:_identify(ydlidar_ros2_driver) by extensions ['colcon_pkg']
[0.252s] Level 1:colcon.colcon_core.package_identification:_identify(ydlidar_ros2_driver) by extension 'colcon_pkg'
[0.252s] Level 1:colcon.colcon_core.package_identification:_identify(ydlidar_ros2_driver) by extensions ['colcon_meta']
[0.252s] Level 1:colcon.colcon_core.package_identification:_identify(ydlidar_ros2_driver) by extension 'colcon_meta'
[0.253s] Level 1:colcon.colcon_core.package_identification:_identify(ydlidar_ros2_driver) by extensions ['ros']
[0.253s] Level 1:colcon.colcon_core.package_identification:_identify(ydlidar_ros2_driver) by extension 'ros'
[0.254s] DEBUG:colcon.colcon_core.package_identification:Package 'ydlidar_ros2_driver' with type 'ros.ament_cmake' and name 'ydlidar_ros2_driver'
[0.254s] Level 1:colcon.colcon_core.package_discovery:discover_packages(recursive) using defaults
[0.254s] Level 1:colcon.colcon_core.package_discovery:discover_packages(ignore) discover
[0.254s] Level 1:colcon.colcon_core.package_discovery:discover_packages(ignore) using defaults
[0.254s] Level 1:colcon.colcon_core.package_discovery:discover_packages(path) discover
[0.254s] Level 1:colcon.colcon_core.package_discovery:discover_packages(path) using defaults
[0.271s] Level 1:colcon.colcon_core.package_discovery:discover_packages(prefix_path) check parameters
[0.271s] Level 1:colcon.colcon_core.package_discovery:discover_packages(prefix_path) discover
[0.273s] DEBUG:colcon.colcon_installed_package_information.package_discovery:Found 1 installed packages in /home/hatakeyama/ros/lidartest_ws/install
[0.274s] DEBUG:colcon.colcon_installed_package_information.package_discovery:Found 270 installed packages in /opt/ros/humble
[0.275s] Level 1:colcon.colcon_core.package_discovery:discover_packages(prefix_path) using defaults
[0.318s] Level 5:colcon.colcon_core.verb:set package 'ydlidar_ros2_driver' build argument 'cmake_args' from command line to 'None'
[0.318s] Level 5:colcon.colcon_core.verb:set package 'ydlidar_ros2_driver' build argument 'cmake_target' from command line to 'None'
[0.318s] Level 5:colcon.colcon_core.verb:set package 'ydlidar_ros2_driver' build argument 'cmake_target_skip_unavailable' from command line to 'False'
[0.318s] Level 5:colcon.colcon_core.verb:set package 'ydlidar_ros2_driver' build argument 'cmake_clean_cache' from command line to 'False'
[0.318s] Level 5:colcon.colcon_core.verb:set package 'ydlidar_ros2_driver' build argument 'cmake_clean_first' from command line to 'False'
[0.318s] Level 5:colcon.colcon_core.verb:set package 'ydlidar_ros2_driver' build argument 'cmake_force_configure' from command line to 'False'
[0.318s] Level 5:colcon.colcon_core.verb:set package 'ydlidar_ros2_driver' build argument 'ament_cmake_args' from command line to 'None'
[0.318s] Level 5:colcon.colcon_core.verb:set package 'ydlidar_ros2_driver' build argument 'catkin_cmake_args' from command line to 'None'
[0.318s] Level 5:colcon.colcon_core.verb:set package 'ydlidar_ros2_driver' build argument 'catkin_skip_building_tests' from command line to 'False'
[0.318s] DEBUG:colcon.colcon_core.verb:Building package 'ydlidar_ros2_driver' with the following arguments: {'ament_cmake_args': None, 'build_base': '/home/hatakeyama/ros/lidartest_ws/src/build/ydlidar_ros2_driver', 'catkin_cmake_args': None, 'catkin_skip_building_tests': False, 'cmake_args': None, 'cmake_clean_cache': False, 'cmake_clean_first': False, 'cmake_force_configure': False, 'cmake_target': None, 'cmake_target_skip_unavailable': False, 'install_base': '/home/hatakeyama/ros/lidartest_ws/src/install/ydlidar_ros2_driver', 'merge_install': False, 'path': '/home/hatakeyama/ros/lidartest_ws/src/ydlidar_ros2_driver', 'symlink_install': False, 'test_result_base': None}
[0.318s] INFO:colcon.colcon_core.executor:Executing jobs using 'parallel' executor
[0.321s] DEBUG:colcon.colcon_parallel_executor.executor.parallel:run_until_complete
[0.321s] INFO:colcon.colcon_ros.task.ament_cmake.build:Building ROS package in '/home/hatakeyama/ros/lidartest_ws/src/ydlidar_ros2_driver' with build type 'ament_cmake'
[0.321s] INFO:colcon.colcon_cmake.task.cmake.build:Building CMake package in '/home/hatakeyama/ros/lidartest_ws/src/ydlidar_ros2_driver'
[0.324s] INFO:colcon.colcon_core.plugin_system:Skipping extension 'colcon_core.shell.bat': Not used on non-Windows systems
[0.324s] INFO:colcon.colcon_core.shell:Skip shell extension 'powershell' for command environment: Not usable outside of PowerShell
[0.324s] DEBUG:colcon.colcon_core.shell:Skip shell extension 'dsv' for command environment
[0.330s] DEBUG:colcon.colcon_core.event_handler.log_command:Invoking command in '/home/hatakeyama/ros/lidartest_ws/src/build/ydlidar_ros2_driver': CMAKE_PREFIX_PATH=${CMAKE_PREFIX_PATH}:/opt/ros/humble /usr/bin/cmake /home/hatakeyama/ros/lidartest_ws/src/ydlidar_ros2_driver -DCMAKE_INSTALL_PREFIX=/home/hatakeyama/ros/lidartest_ws/src/install/ydlidar_ros2_driver
[1.409s] DEBUG:colcon.colcon_core.event_handler.log_command:Invoked command in '/home/hatakeyama/ros/lidartest_ws/src/build/ydlidar_ros2_driver' returned '0': CMAKE_PREFIX_PATH=${CMAKE_PREFIX_PATH}:/opt/ros/humble /usr/bin/cmake /home/hatakeyama/ros/lidartest_ws/src/ydlidar_ros2_driver -DCMAKE_INSTALL_PREFIX=/home/hatakeyama/ros/lidartest_ws/src/install/ydlidar_ros2_driver
[1.410s] DEBUG:colcon.colcon_core.event_handler.log_command:Invoking command in '/home/hatakeyama/ros/lidartest_ws/src/build/ydlidar_ros2_driver': CMAKE_PREFIX_PATH=${CMAKE_PREFIX_PATH}:/opt/ros/humble /usr/bin/cmake --build /home/hatakeyama/ros/lidartest_ws/src/build/ydlidar_ros2_driver -- -j8 -l8
[7.745s] DEBUG:colcon.colcon_core.event_handler.log_command:Invoked command in '/home/hatakeyama/ros/lidartest_ws/src/build/ydlidar_ros2_driver' returned '0': CMAKE_PREFIX_PATH=${CMAKE_PREFIX_PATH}:/opt/ros/humble /usr/bin/cmake --build /home/hatakeyama/ros/lidartest_ws/src/build/ydlidar_ros2_driver -- -j8 -l8
[7.763s] DEBUG:colcon.colcon_core.event_handler.log_command:Invoking command in '/home/hatakeyama/ros/lidartest_ws/src/build/ydlidar_ros2_driver': CMAKE_PREFIX_PATH=${CMAKE_PREFIX_PATH}:/opt/ros/humble /usr/bin/cmake --install /home/hatakeyama/ros/lidartest_ws/src/build/ydlidar_ros2_driver
[7.774s] Level 1:colcon.colcon_core.environment:create_environment_scripts_only(ydlidar_ros2_driver)
[7.775s] DEBUG:colcon.colcon_core.event_handler.log_command:Invoked command in '/home/hatakeyama/ros/lidartest_ws/src/build/ydlidar_ros2_driver' returned '0': CMAKE_PREFIX_PATH=${CMAKE_PREFIX_PATH}:/opt/ros/humble /usr/bin/cmake --install /home/hatakeyama/ros/lidartest_ws/src/build/ydlidar_ros2_driver
[7.778s] Level 1:colcon.colcon_core.environment:checking '/home/hatakeyama/ros/lidartest_ws/src/install/ydlidar_ros2_driver' for CMake module files
[7.778s] Level 1:colcon.colcon_core.environment:checking '/home/hatakeyama/ros/lidartest_ws/src/install/ydlidar_ros2_driver' for CMake config files
[7.778s] Level 1:colcon.colcon_core.shell:create_environment_hook('ydlidar_ros2_driver', 'cmake_prefix_path')
[7.779s] INFO:colcon.colcon_core.shell:Creating environment hook '/home/hatakeyama/ros/lidartest_ws/src/install/ydlidar_ros2_driver/share/ydlidar_ros2_driver/hook/cmake_prefix_path.ps1'
[7.780s] INFO:colcon.colcon_core.shell:Creating environment descriptor '/home/hatakeyama/ros/lidartest_ws/src/install/ydlidar_ros2_driver/share/ydlidar_ros2_driver/hook/cmake_prefix_path.dsv'
[7.780s] INFO:colcon.colcon_core.shell:Creating environment hook '/home/hatakeyama/ros/lidartest_ws/src/install/ydlidar_ros2_driver/share/ydlidar_ros2_driver/hook/cmake_prefix_path.sh'
[7.780s] Level 1:colcon.colcon_core.environment:checking '/home/hatakeyama/ros/lidartest_ws/src/install/ydlidar_ros2_driver/lib'
[7.781s] Level 1:colcon.colcon_core.environment:checking '/home/hatakeyama/ros/lidartest_ws/src/install/ydlidar_ros2_driver/bin'
[7.781s] Level 1:colcon.colcon_core.environment:checking '/home/hatakeyama/ros/lidartest_ws/src/install/ydlidar_ros2_driver/lib/pkgconfig/ydlidar_ros2_driver.pc'
[7.781s] Level 1:colcon.colcon_core.environment:checking '/home/hatakeyama/ros/lidartest_ws/src/install/ydlidar_ros2_driver/lib/python3.10/site-packages'
[7.781s] Level 1:colcon.colcon_core.environment:checking '/home/hatakeyama/ros/lidartest_ws/src/install/ydlidar_ros2_driver/bin'
[7.782s] INFO:colcon.colcon_core.shell:Creating package script '/home/hatakeyama/ros/lidartest_ws/src/install/ydlidar_ros2_driver/share/ydlidar_ros2_driver/package.ps1'
[7.782s] INFO:colcon.colcon_core.shell:Creating package descriptor '/home/hatakeyama/ros/lidartest_ws/src/install/ydlidar_ros2_driver/share/ydlidar_ros2_driver/package.dsv'
[7.783s] INFO:colcon.colcon_core.shell:Creating package script '/home/hatakeyama/ros/lidartest_ws/src/install/ydlidar_ros2_driver/share/ydlidar_ros2_driver/package.sh'
[7.783s] INFO:colcon.colcon_core.shell:Creating package script '/home/hatakeyama/ros/lidartest_ws/src/install/ydlidar_ros2_driver/share/ydlidar_ros2_driver/package.bash'
[7.784s] INFO:colcon.colcon_core.shell:Creating package script '/home/hatakeyama/ros/lidartest_ws/src/install/ydlidar_ros2_driver/share/ydlidar_ros2_driver/package.zsh'
[7.784s] Level 1:colcon.colcon_core.environment:create_file_with_runtime_dependencies(/home/hatakeyama/ros/lidartest_ws/src/install/ydlidar_ros2_driver/share/colcon-core/packages/ydlidar_ros2_driver)
[7.800s] Level 1:colcon.colcon_core.environment:create_environment_scripts_only(ydlidar_ros2_driver)
[7.801s] Level 1:colcon.colcon_core.environment:checking '/home/hatakeyama/ros/lidartest_ws/src/install/ydlidar_ros2_driver' for CMake module files
[7.802s] Level 1:colcon.colcon_core.environment:checking '/home/hatakeyama/ros/lidartest_ws/src/install/ydlidar_ros2_driver' for CMake config files
[7.802s] Level 1:colcon.colcon_core.shell:create_environment_hook('ydlidar_ros2_driver', 'cmake_prefix_path')
[7.803s] INFO:colcon.colcon_core.shell:Creating environment hook '/home/hatakeyama/ros/lidartest_ws/src/install/ydlidar_ros2_driver/share/ydlidar_ros2_driver/hook/cmake_prefix_path.ps1'
[7.803s] INFO:colcon.colcon_core.shell:Creating environment descriptor '/home/hatakeyama/ros/lidartest_ws/src/install/ydlidar_ros2_driver/share/ydlidar_ros2_driver/hook/cmake_prefix_path.dsv'
[7.803s] INFO:colcon.colcon_core.shell:Creating environment hook '/home/hatakeyama/ros/lidartest_ws/src/install/ydlidar_ros2_driver/share/ydlidar_ros2_driver/hook/cmake_prefix_path.sh'
[7.803s] Level 1:colcon.colcon_core.environment:checking '/home/hatakeyama/ros/lidartest_ws/src/install/ydlidar_ros2_driver/lib'
[7.804s] Level 1:colcon.colcon_core.environment:checking '/home/hatakeyama/ros/lidartest_ws/src/install/ydlidar_ros2_driver/bin'
[7.804s] Level 1:colcon.colcon_core.environment:checking '/home/hatakeyama/ros/lidartest_ws/src/install/ydlidar_ros2_driver/lib/pkgconfig/ydlidar_ros2_driver.pc'
[7.804s] Level 1:colcon.colcon_core.environment:checking '/home/hatakeyama/ros/lidartest_ws/src/install/ydlidar_ros2_driver/lib/python3.10/site-packages'
[7.804s] Level 1:colcon.colcon_core.environment:checking '/home/hatakeyama/ros/lidartest_ws/src/install/ydlidar_ros2_driver/bin'
[7.805s] INFO:colcon.colcon_core.shell:Creating package script '/home/hatakeyama/ros/lidartest_ws/src/install/ydlidar_ros2_driver/share/ydlidar_ros2_driver/package.ps1'
[7.805s] INFO:colcon.colcon_core.shell:Creating package descriptor '/home/hatakeyama/ros/lidartest_ws/src/install/ydlidar_ros2_driver/share/ydlidar_ros2_driver/package.dsv'
[7.805s] INFO:colcon.colcon_core.shell:Creating package script '/home/hatakeyama/ros/lidartest_ws/src/install/ydlidar_ros2_driver/share/ydlidar_ros2_driver/package.sh'
[7.806s] INFO:colcon.colcon_core.shell:Creating package script '/home/hatakeyama/ros/lidartest_ws/src/install/ydlidar_ros2_driver/share/ydlidar_ros2_driver/package.bash'
[7.806s] INFO:colcon.colcon_core.shell:Creating package script '/home/hatakeyama/ros/lidartest_ws/src/install/ydlidar_ros2_driver/share/ydlidar_ros2_driver/package.zsh'
[7.806s] Level 1:colcon.colcon_core.environment:create_file_with_runtime_dependencies(/home/hatakeyama/ros/lidartest_ws/src/install/ydlidar_ros2_driver/share/colcon-core/packages/ydlidar_ros2_driver)
[7.806s] DEBUG:colcon.colcon_parallel_executor.executor.parallel:closing loop
[7.806s] DEBUG:colcon.colcon_parallel_executor.executor.parallel:loop closed
[7.806s] DEBUG:colcon.colcon_parallel_executor.executor.parallel:run_until_complete finished with '0'
[7.806s] DEBUG:colcon.colcon_core.event_reactor:joining thread
[7.810s] INFO:colcon.colcon_core.plugin_system:Skipping extension 'colcon_notification.desktop_notification.terminal_notifier': Not used on non-Darwin systems
[7.810s] INFO:colcon.colcon_core.plugin_system:Skipping extension 'colcon_notification.desktop_notification.win32': Not used on non-Windows systems
[7.810s] INFO:colcon.colcon_notification.desktop_notification:Sending desktop notification using 'notify2'
[7.818s] DEBUG:colcon.colcon_core.event_reactor:joined thread
[7.819s] INFO:colcon.colcon_core.shell:Creating prefix script '/home/hatakeyama/ros/lidartest_ws/src/install/local_setup.ps1'
[7.820s] INFO:colcon.colcon_core.shell:Creating prefix util module '/home/hatakeyama/ros/lidartest_ws/src/install/_local_setup_util_ps1.py'
[7.820s] INFO:colcon.colcon_core.shell:Creating prefix chain script '/home/hatakeyama/ros/lidartest_ws/src/install/setup.ps1'
[7.821s] INFO:colcon.colcon_core.shell:Creating prefix script '/home/hatakeyama/ros/lidartest_ws/src/install/local_setup.sh'
[7.822s] INFO:colcon.colcon_core.shell:Creating prefix util module '/home/hatakeyama/ros/lidartest_ws/src/install/_local_setup_util_sh.py'
[7.822s] INFO:colcon.colcon_core.shell:Creating prefix chain script '/home/hatakeyama/ros/lidartest_ws/src/install/setup.sh'
[7.823s] INFO:colcon.colcon_core.shell:Creating prefix script '/home/hatakeyama/ros/lidartest_ws/src/install/local_setup.bash'
[7.823s] INFO:colcon.colcon_core.shell:Creating prefix chain script '/home/hatakeyama/ros/lidartest_ws/src/install/setup.bash'
[7.824s] INFO:colcon.colcon_core.shell:Creating prefix script '/home/hatakeyama/ros/lidartest_ws/src/install/local_setup.zsh'
[7.824s] INFO:colcon.colcon_core.shell:Creating prefix chain script '/home/hatakeyama/ros/lidartest_ws/src/install/setup.zsh'
